INFO - 04/02/23 16:04:15 - 0:00:00 - Info test message. ForkPoolWorker-3
INFO - 04/02/23 16:04:15 - 0:00:00 - Info test message. ForkPoolWorker-4
INFO - 04/02/23 16:04:15 - 0:00:00 - Info test message. ForkPoolWorker-5
INFO - 04/02/23 16:04:15 - 0:00:00 - outer
INFO - 04/02/23 16:04:15 - 0:00:00 - outer
INFO - 04/02/23 16:04:15 - 0:00:00 - outer
INFO - 04/02/23 16:04:15 - 0:00:00 - Info test message. ForkPoolWorker-2
INFO - 04/02/23 16:04:15 - 0:00:00 - middle
INFO - 04/02/23 16:04:15 - 0:00:00 - middle
INFO - 04/02/23 16:04:15 - 0:00:00 - outer
INFO - 04/02/23 16:04:15 - 0:00:00 - middle
INFO - 04/02/23 16:04:15 - 0:00:00 - middle
INFO - 04/02/23 16:04:16 - 0:00:01 - middle
INFO - 04/02/23 16:04:16 - 0:00:01 - middle
INFO - 04/02/23 16:04:16 - 0:00:01 - middle
INFO - 04/02/23 16:04:16 - 0:00:01 - middle
INFO - 04/02/23 16:04:17 - 0:00:02 - middle
INFO - 04/02/23 16:04:17 - 0:00:02 - middle
INFO - 04/02/23 16:04:17 - 0:00:02 - middle
INFO - 04/02/23 16:04:17 - 0:00:02 - middle
INFO - 04/02/23 16:04:18 - 0:00:03 - middle
INFO - 04/02/23 16:04:18 - 0:00:03 - middle
INFO - 04/02/23 16:04:18 - 0:00:03 - middle
INFO - 04/02/23 16:04:18 - 0:00:03 - middle
INFO - 04/02/23 16:04:19 - 0:00:04 - middle
INFO - 04/02/23 16:04:19 - 0:00:04 - middle
INFO - 04/02/23 16:04:19 - 0:00:04 - middle
INFO - 04/02/23 16:04:19 - 0:00:04 - middle
INFO - 04/02/23 16:04:20 - 0:00:06 - outer
INFO - 04/02/23 16:04:20 - 0:00:06 - middle
INFO - 04/02/23 16:04:20 - 0:00:06 - outer
INFO - 04/02/23 16:04:20 - 0:00:06 - middle
INFO - 04/02/23 16:04:20 - 0:00:06 - outer
INFO - 04/02/23 16:04:20 - 0:00:06 - middle
INFO - 04/02/23 16:04:20 - 0:00:06 - outer
INFO - 04/02/23 16:04:20 - 0:00:06 - middle
INFO - 04/02/23 16:04:21 - 0:00:07 - middle
INFO - 04/02/23 16:04:21 - 0:00:07 - middle
INFO - 04/02/23 16:04:21 - 0:00:07 - middle
INFO - 04/02/23 16:04:21 - 0:00:07 - middle
INFO - 04/02/23 16:04:23 - 0:00:08 - middle
INFO - 04/02/23 16:04:23 - 0:00:08 - middle
INFO - 04/02/23 16:04:23 - 0:00:08 - middle
INFO - 04/02/23 16:04:23 - 0:00:08 - middle
INFO - 04/02/23 16:04:24 - 0:00:09 - middle
INFO - 04/02/23 16:04:24 - 0:00:09 - middle
INFO - 04/02/23 16:04:24 - 0:00:09 - middle
INFO - 04/02/23 16:04:24 - 0:00:09 - middle
INFO - 04/02/23 16:04:25 - 0:00:10 - middle
INFO - 04/02/23 16:04:25 - 0:00:10 - middle
INFO - 04/02/23 16:04:25 - 0:00:10 - middle
INFO - 04/02/23 16:04:25 - 0:00:10 - middle
WARNING - 04/02/23 16:04:26 - 0:00:11 - Warning test message. ForkPoolWorker-2
ERROR - 04/02/23 16:04:26 - 0:00:11 - Error test message. ForkPoolWorker-2
INFO - 04/02/23 16:04:26 - 0:00:11 - Info test message. ForkPoolWorker-2
INFO - 04/02/23 16:04:26 - 0:00:11 - outer
INFO - 04/02/23 16:04:26 - 0:00:11 - middle
WARNING - 04/02/23 16:04:26 - 0:00:11 - Warning test message. ForkPoolWorker-5
ERROR - 04/02/23 16:04:26 - 0:00:11 - Error test message. ForkPoolWorker-5
INFO - 04/02/23 16:04:26 - 0:00:11 - Info test message. ForkPoolWorker-5
INFO - 04/02/23 16:04:26 - 0:00:11 - outer
INFO - 04/02/23 16:04:26 - 0:00:11 - middle
WARNING - 04/02/23 16:04:26 - 0:00:11 - Warning test message. ForkPoolWorker-4
ERROR - 04/02/23 16:04:26 - 0:00:11 - Error test message. ForkPoolWorker-4
WARNING - 04/02/23 16:04:26 - 0:00:11 - Warning test message. ForkPoolWorker-3
ERROR - 04/02/23 16:04:26 - 0:00:11 - Error test message. ForkPoolWorker-3
INFO - 04/02/23 16:04:26 - 0:00:11 - Info test message. ForkPoolWorker-4
INFO - 04/02/23 16:04:26 - 0:00:11 - outer
INFO - 04/02/23 16:04:26 - 0:00:11 - middle
INFO - 04/02/23 16:04:26 - 0:00:11 - Info test message. ForkPoolWorker-3
INFO - 04/02/23 16:04:26 - 0:00:11 - outer
INFO - 04/02/23 16:04:26 - 0:00:11 - middle
INFO - 04/02/23 16:04:27 - 0:00:12 - middle
INFO - 04/02/23 16:04:27 - 0:00:12 - middle
INFO - 04/02/23 16:04:27 - 0:00:12 - middle
INFO - 04/02/23 16:04:27 - 0:00:12 - middle
INFO - 04/02/23 16:04:28 - 0:00:13 - middle
INFO - 04/02/23 16:04:28 - 0:00:13 - middle
INFO - 04/02/23 16:04:28 - 0:00:13 - middle
INFO - 04/02/23 16:04:28 - 0:00:13 - middle
INFO - 04/02/23 16:04:29 - 0:00:14 - middle
INFO - 04/02/23 16:04:29 - 0:00:14 - middle
INFO - 04/02/23 16:04:29 - 0:00:14 - middle
INFO - 04/02/23 16:04:29 - 0:00:14 - middle
INFO - 04/02/23 16:04:30 - 0:00:15 - middle
INFO - 04/02/23 16:04:30 - 0:00:15 - middle
INFO - 04/02/23 16:04:30 - 0:00:15 - middle
INFO - 04/02/23 16:04:30 - 0:00:15 - middle
INFO - 04/02/23 16:04:31 - 0:00:16 - outer
INFO - 04/02/23 16:04:31 - 0:00:16 - middle
INFO - 04/02/23 16:04:31 - 0:00:16 - outer
INFO - 04/02/23 16:04:31 - 0:00:16 - middle
INFO - 04/02/23 16:04:31 - 0:00:16 - outer
INFO - 04/02/23 16:04:31 - 0:00:16 - middle
INFO - 04/02/23 16:04:31 - 0:00:16 - outer
INFO - 04/02/23 16:04:31 - 0:00:16 - middle
INFO - 04/02/23 16:04:32 - 0:00:18 - middle
INFO - 04/02/23 16:04:32 - 0:00:18 - middle
INFO - 04/02/23 16:04:32 - 0:00:18 - middle
INFO - 04/02/23 16:04:32 - 0:00:18 - middle
INFO - 04/02/23 16:04:33 - 0:00:19 - middle
INFO - 04/02/23 16:04:34 - 0:00:19 - middle
INFO - 04/02/23 16:04:34 - 0:00:19 - middle
INFO - 04/02/23 16:04:34 - 0:00:19 - middle
INFO - 04/02/23 16:04:35 - 0:00:20 - middle
INFO - 04/02/23 16:04:35 - 0:00:20 - middle
INFO - 04/02/23 16:04:35 - 0:00:20 - middle
INFO - 04/02/23 16:04:35 - 0:00:20 - middle
INFO - 04/02/23 16:04:36 - 0:00:21 - middle
INFO - 04/02/23 16:04:36 - 0:00:21 - middle
INFO - 04/02/23 16:04:36 - 0:00:21 - middle
INFO - 04/02/23 16:04:36 - 0:00:21 - middle
WARNING - 04/02/23 16:04:37 - 0:00:22 - Warning test message. ForkPoolWorker-2
ERROR - 04/02/23 16:04:37 - 0:00:22 - Error test message. ForkPoolWorker-2
INFO - 04/02/23 16:04:37 - 0:00:22 - Info test message. ForkPoolWorker-2
INFO - 04/02/23 16:04:37 - 0:00:22 - outer
INFO - 04/02/23 16:04:37 - 0:00:22 - middle
WARNING - 04/02/23 16:04:37 - 0:00:22 - Warning test message. ForkPoolWorker-4
ERROR - 04/02/23 16:04:37 - 0:00:22 - Error test message. ForkPoolWorker-4
INFO - 04/02/23 16:04:37 - 0:00:22 - Info test message. ForkPoolWorker-4
INFO - 04/02/23 16:04:37 - 0:00:22 - outer
INFO - 04/02/23 16:04:37 - 0:00:22 - middle
WARNING - 04/02/23 16:04:37 - 0:00:22 - Warning test message. ForkPoolWorker-3
ERROR - 04/02/23 16:04:37 - 0:00:22 - Error test message. ForkPoolWorker-3
WARNING - 04/02/23 16:04:37 - 0:00:22 - Warning test message. ForkPoolWorker-5
ERROR - 04/02/23 16:04:37 - 0:00:22 - Error test message. ForkPoolWorker-5
INFO - 04/02/23 16:04:38 - 0:00:23 - middle
INFO - 04/02/23 16:04:38 - 0:00:23 - middle
INFO - 04/02/23 16:04:39 - 0:00:24 - middle
INFO - 04/02/23 16:04:39 - 0:00:24 - middle
INFO - 04/02/23 16:04:40 - 0:00:25 - middle
INFO - 04/02/23 16:04:40 - 0:00:25 - middle
INFO - 04/02/23 16:04:41 - 0:00:26 - middle
INFO - 04/02/23 16:04:41 - 0:00:26 - middle
INFO - 04/02/23 16:04:42 - 0:00:27 - outer
INFO - 04/02/23 16:04:42 - 0:00:27 - middle
INFO - 04/02/23 16:04:42 - 0:00:27 - outer
INFO - 04/02/23 16:04:42 - 0:00:27 - middle
INFO - 04/02/23 16:04:43 - 0:00:28 - middle
INFO - 04/02/23 16:04:43 - 0:00:28 - middle
INFO - 04/02/23 16:04:44 - 0:00:29 - middle
INFO - 04/02/23 16:04:44 - 0:00:30 - middle
INFO - 04/02/23 16:04:45 - 0:00:31 - middle
INFO - 04/02/23 16:04:46 - 0:00:31 - middle
INFO - 04/02/23 16:04:47 - 0:00:32 - middle
INFO - 04/02/23 16:04:47 - 0:00:32 - middle
WARNING - 04/02/23 16:04:48 - 0:00:33 - Warning test message. ForkPoolWorker-2
ERROR - 04/02/23 16:04:48 - 0:00:33 - Error test message. ForkPoolWorker-2
WARNING - 04/02/23 16:04:48 - 0:00:33 - Warning test message. ForkPoolWorker-4
ERROR - 04/02/23 16:04:48 - 0:00:33 - Error test message. ForkPoolWorker-4
